2018-10-31 09:11:24,123 - run - INFO - tree_run.py - 73 - Index(['user_id', 'app_name', 'platform', 'puzzle_language', 'install_date',
       'first_nation', 'level_max', 'load_days', 'challenge_gids',
       'challenge_games', 'coin_after', 'enjoy_status', 'first_iap_date',
       'retention_ts', 'retention_predict', 'enjoy_status_m', 'iap_status_m',
       'retention_status_m'],
      dtype='object')
2018-10-31 09:12:53,524 - run - INFO - tree_run.py - 73 - Index(['user_id', 'app_name', 'platform', 'puzzle_language', 'install_date',
       'first_nation', 'level_max', 'load_days', 'challenge_gids',
       'challenge_games', 'coin_after', 'enjoy_status', 'first_iap_date',
       'retention_ts', 'retention_predict', 'enjoy_status_m', 'iap_status_m',
       'retention_status_m'],
      dtype='object')
2018-10-31 11:09:22,534 - run - INFO - tree_run.py - 73 - Index(['user_id', 'app_name', 'platform', 'puzzle_language', 'install_date',
       'first_nation', 'level_max', 'load_days', 'challenge_gids',
       'challenge_games', 'coin_after', 'enjoy_status', 'first_iap_date',
       'retention_ts', 'retention_predict', 'enjoy_status_m', 'iap_status_m',
       'retention_status_m'],
      dtype='object')
2018-10-31 11:09:22,541 - run - INFO - tree_run.py - 79 - Index([           'user_id',           'app_name',           'platform',
          'puzzle_language',       'install_date',       'first_nation',
                'level_max',          'load_days',     'challenge_gids',
          'challenge_games',         'coin_after',       'enjoy_status',
           'first_iap_date',       'retention_ts',  'retention_predict',
           'enjoy_status_m',       'iap_status_m', 'retention_status_m',
                          0],
      dtype='object')
2018-10-31 11:10:13,240 - run - INFO - tree_run.py - 73 - Index(['user_id', 'app_name', 'platform', 'puzzle_language', 'install_date',
       'first_nation', 'level_max', 'load_days', 'challenge_gids',
       'challenge_games', 'coin_after', 'enjoy_status', 'first_iap_date',
       'retention_ts', 'retention_predict', 'enjoy_status_m', 'iap_status_m',
       'retention_status_m'],
      dtype='object')
2018-10-31 11:10:13,247 - run - INFO - tree_run.py - 79 - Index([           'user_id',           'app_name',           'platform',
          'puzzle_language',       'install_date',       'first_nation',
                'level_max',          'load_days',     'challenge_gids',
          'challenge_games',         'coin_after',       'enjoy_status',
           'first_iap_date',       'retention_ts',  'retention_predict',
           'enjoy_status_m',       'iap_status_m', 'retention_status_m',
                          0],
      dtype='object')
2018-10-31 11:12:56,852 - run - INFO - tree_run.py - 73 - Index(['user_id', 'app_name', 'platform', 'puzzle_language', 'install_date',
       'first_nation', 'level_max', 'load_days', 'challenge_gids',
       'challenge_games', 'coin_after', 'enjoy_status', 'first_iap_date',
       'retention_ts', 'retention_predict', 'enjoy_status_m', 'iap_status_m',
       'retention_status_m'],
      dtype='object')
2018-10-31 11:12:56,860 - run - INFO - tree_run.py - 79 -      user_id         app_name    platform puzzle_language install_date first_nation  level_max ...  first_iap_date  retention_ts  retention_predict  enjoy_status_m iap_status_m retention_status_m  0
0  #_T*HSitZ  word_production  googleplay              En   2018-08-01           US         77 ...            None           NaT               None               0            0                  0  1
1  *DkzTnJce  word_production  googleplay              En   2018-08-01           FR          2 ...            None           NaT               None              -1            0                  0  1
2  *vbbIpNCS  word_production  googleplay              En   2018-08-01           US         24 ...            None           NaT               None              -1            0                  0  1
3  0GJ7RMtTN  word_production  googleplay              En   2018-08-01           US         60 ...            None           NaT               None              -1            0                  0  1

[4 rows x 19 columns]
2018-10-31 11:12:56,927 - run - INFO - tree_run.py - 81 - Index([           'user_id',           'app_name',           'platform',
          'puzzle_language',       'install_date',       'first_nation',
                'level_max',          'load_days',     'challenge_gids',
          'challenge_games',         'coin_after',       'enjoy_status',
           'first_iap_date',       'retention_ts',  'retention_predict',
           'enjoy_status_m',       'iap_status_m', 'retention_status_m',
                          0],
      dtype='object')
2018-10-31 11:13:27,439 - run - INFO - tree_run.py - 73 - Index(['user_id', 'app_name', 'platform', 'puzzle_language', 'install_date',
       'first_nation', 'level_max', 'load_days', 'challenge_gids',
       'challenge_games', 'coin_after', 'enjoy_status', 'first_iap_date',
       'retention_ts', 'retention_predict', 'enjoy_status_m', 'iap_status_m',
       'retention_status_m'],
      dtype='object')
2018-10-31 11:13:27,446 - run - INFO - tree_run.py - 79 -      user_id         app_name    platform puzzle_language install_date first_nation  level_max ...  first_iap_date  retention_ts  retention_predict  enjoy_status_m iap_status_m retention_status_m  0
0  #_T*HSitZ  word_production  googleplay              En   2018-08-01           US         77 ...            None           NaT               None               0            0                  0  1
1  *DkzTnJce  word_production  googleplay              En   2018-08-01           FR          2 ...            None           NaT               None              -1            0                  0  1
2  *vbbIpNCS  word_production  googleplay              En   2018-08-01           US         24 ...            None           NaT               None              -1            0                  0  1
3  0GJ7RMtTN  word_production  googleplay              En   2018-08-01           US         60 ...            None           NaT               None              -1            0                  0  1

[4 rows x 19 columns]
2018-10-31 11:13:27,513 - run - INFO - tree_run.py - 81 - Index([           'user_id',           'app_name',           'platform',
          'puzzle_language',       'install_date',       'first_nation',
                'level_max',          'load_days',     'challenge_gids',
          'challenge_games',         'coin_after',       'enjoy_status',
           'first_iap_date',       'retention_ts',  'retention_predict',
           'enjoy_status_m',       'iap_status_m', 'retention_status_m',
                          0],
      dtype='object')
2018-10-31 11:13:43,613 - run - INFO - tree_run.py - 73 - Index(['user_id', 'app_name', 'platform', 'puzzle_language', 'install_date',
       'first_nation', 'level_max', 'load_days', 'challenge_gids',
       'challenge_games', 'coin_after', 'enjoy_status', 'first_iap_date',
       'retention_ts', 'retention_predict', 'enjoy_status_m', 'iap_status_m',
       'retention_status_m'],
      dtype='object')
2018-10-31 11:13:43,621 - run - INFO - tree_run.py - 79 - 0     1
1     1
2     1
3     1
4     1
5     1
6     1
7     1
8     1
9     1
10    1
11    1
12    1
13    1
14    0
15    1
16    1
17    1
18    1
19    1
20    0
21    1
22    1
23    1
24    1
25    1
26    1
27    1
28    1
29    1
     ..
70    1
71    1
72    1
73    1
74    1
75    1
76    1
77    1
78    1
79    1
80    1
81    1
82    1
83    1
84    0
85    1
86    1
87    1
88    1
89    1
90    1
91    1
92    1
93    1
94    0
95    1
96    1
97    1
98    1
99    1
Name: 0, Length: 100, dtype: int64
2018-10-31 11:13:43,625 - run - INFO - tree_run.py - 81 - Index([           'user_id',           'app_name',           'platform',
          'puzzle_language',       'install_date',       'first_nation',
                'level_max',          'load_days',     'challenge_gids',
          'challenge_games',         'coin_after',       'enjoy_status',
           'first_iap_date',       'retention_ts',  'retention_predict',
           'enjoy_status_m',       'iap_status_m', 'retention_status_m',
                          0],
      dtype='object')
2018-10-31 11:14:52,388 - run - INFO - tree_run.py - 73 - Index(['user_id', 'app_name', 'platform', 'puzzle_language', 'install_date',
       'first_nation', 'level_max', 'load_days', 'challenge_gids',
       'challenge_games', 'coin_after', 'enjoy_status', 'first_iap_date',
       'retention_ts', 'retention_predict', 'enjoy_status_m', 'iap_status_m',
       'retention_status_m'],
      dtype='object')
2018-10-31 11:14:52,395 - run - INFO - tree_run.py - 79 - user_id                     *DkzTnJce
app_name              word_production
platform                   googleplay
puzzle_language                    En
install_date               2018-08-01
first_nation                       FR
level_max                           2
load_days                           1
challenge_gids                      0
challenge_games                     0
coin_after                         80
enjoy_status                     None
first_iap_date                   None
retention_ts                      NaT
retention_predict                None
enjoy_status_m                     -1
iap_status_m                        0
retention_status_m                  0
0                                   1
Name: 1, dtype: object
2018-10-31 11:14:52,398 - run - INFO - tree_run.py - 81 - Index([           'user_id',           'app_name',           'platform',
          'puzzle_language',       'install_date',       'first_nation',
                'level_max',          'load_days',     'challenge_gids',
          'challenge_games',         'coin_after',       'enjoy_status',
           'first_iap_date',       'retention_ts',  'retention_predict',
           'enjoy_status_m',       'iap_status_m', 'retention_status_m',
                          0],
      dtype='object')
2018-10-31 11:16:18,968 - run - INFO - tree_run.py - 73 - Index(['user_id', 'app_name', 'platform', 'puzzle_language', 'install_date',
       'first_nation', 'level_max', 'load_days', 'challenge_gids',
       'challenge_games', 'coin_after', 'enjoy_status', 'first_iap_date',
       'retention_ts', 'retention_predict', 'enjoy_status_m', 'iap_status_m',
       'retention_status_m'],
      dtype='object')
2018-10-31 11:16:18,976 - run - INFO - tree_run.py - 79 - user_id                     *DkzTnJce
app_name              word_production
platform                   googleplay
puzzle_language                    En
install_date               2018-08-01
first_nation                       FR
level_max                           2
load_days                           1
challenge_gids                      0
challenge_games                     0
coin_after                         80
enjoy_status                     None
first_iap_date                   None
retention_ts                      NaT
retention_predict                None
enjoy_status_m                     -1
iap_status_m                        0
retention_status_m                  0
0                                   1
Name: 1, dtype: object
2018-10-31 11:16:18,978 - run - INFO - tree_run.py - 81 - Index([           'user_id',           'app_name',           'platform',
          'puzzle_language',       'install_date',       'first_nation',
                'level_max',          'load_days',     'challenge_gids',
          'challenge_games',         'coin_after',       'enjoy_status',
           'first_iap_date',       'retention_ts',  'retention_predict',
           'enjoy_status_m',       'iap_status_m', 'retention_status_m',
                          0],
      dtype='object')
2018-10-31 11:16:18,980 - run - INFO - tree_run.py - 82 - Index(['user_idretention_predict_m', 'app_nameretention_predict_m',
       'platformretention_predict_m', 'puzzle_languageretention_predict_m',
       'install_dateretention_predict_m', 'first_nationretention_predict_m',
       'level_maxretention_predict_m', 'load_daysretention_predict_m',
       'challenge_gidsretention_predict_m',
       'challenge_gamesretention_predict_m', 'coin_afterretention_predict_m',
       'enjoy_statusretention_predict_m', 'first_iap_dateretention_predict_m',
       'retention_tsretention_predict_m',
       'retention_predictretention_predict_m',
       'enjoy_status_mretention_predict_m', 'iap_status_mretention_predict_m',
       'retention_status_mretention_predict_m'],
      dtype='object')
2018-10-31 11:16:50,914 - run - INFO - tree_run.py - 73 - Index(['user_id', 'app_name', 'platform', 'puzzle_language', 'install_date',
       'first_nation', 'level_max', 'load_days', 'challenge_gids',
       'challenge_games', 'coin_after', 'enjoy_status', 'first_iap_date',
       'retention_ts', 'retention_predict', 'enjoy_status_m', 'iap_status_m',
       'retention_status_m'],
      dtype='object')
2018-10-31 11:16:50,922 - run - INFO - tree_run.py - 79 - user_id                     *DkzTnJce
app_name              word_production
platform                   googleplay
puzzle_language                    En
install_date               2018-08-01
first_nation                       FR
level_max                           2
load_days                           1
challenge_gids                      0
challenge_games                     0
coin_after                         80
enjoy_status                     None
first_iap_date                   None
retention_ts                      NaT
retention_predict                None
enjoy_status_m                     -1
iap_status_m                        0
retention_status_m                  0
0                                   1
Name: 1, dtype: object
2018-10-31 11:16:50,925 - run - INFO - tree_run.py - 81 - Index([           'user_id',           'app_name',           'platform',
          'puzzle_language',       'install_date',       'first_nation',
                'level_max',          'load_days',     'challenge_gids',
          'challenge_games',         'coin_after',       'enjoy_status',
           'first_iap_date',       'retention_ts',  'retention_predict',
           'enjoy_status_m',       'iap_status_m', 'retention_status_m',
                          0],
      dtype='object')
2018-10-31 11:16:50,926 - run - INFO - tree_run.py - 82 - Index(['user_idretention_predict_m', 'app_nameretention_predict_m',
       'platformretention_predict_m', 'puzzle_languageretention_predict_m',
       'install_dateretention_predict_m', 'first_nationretention_predict_m',
       'level_maxretention_predict_m', 'load_daysretention_predict_m',
       'challenge_gidsretention_predict_m',
       'challenge_gamesretention_predict_m', 'coin_afterretention_predict_m',
       'enjoy_statusretention_predict_m', 'first_iap_dateretention_predict_m',
       'retention_tsretention_predict_m',
       'retention_predictretention_predict_m',
       'enjoy_status_mretention_predict_m', 'iap_status_mretention_predict_m',
       'retention_status_mretention_predict_m'],
      dtype='object')
2018-10-31 11:17:08,485 - run - INFO - tree_run.py - 73 - Index(['user_id', 'app_name', 'platform', 'puzzle_language', 'install_date',
       'first_nation', 'level_max', 'load_days', 'challenge_gids',
       'challenge_games', 'coin_after', 'enjoy_status', 'first_iap_date',
       'retention_ts', 'retention_predict', 'enjoy_status_m', 'iap_status_m',
       'retention_status_m'],
      dtype='object')
2018-10-31 11:17:08,493 - run - INFO - tree_run.py - 79 - user_id                     *DkzTnJce
app_name              word_production
platform                   googleplay
puzzle_language                    En
install_date               2018-08-01
first_nation                       FR
level_max                           2
load_days                           1
challenge_gids                      0
challenge_games                     0
coin_after                         80
enjoy_status                     None
first_iap_date                   None
retention_ts                      NaT
retention_predict                None
enjoy_status_m                     -1
iap_status_m                        0
retention_status_m                  0
0                                   1
Name: 1, dtype: object
2018-10-31 11:17:08,497 - run - INFO - tree_run.py - 81 - Index([           'user_id',           'app_name',           'platform',
          'puzzle_language',       'install_date',       'first_nation',
                'level_max',          'load_days',     'challenge_gids',
          'challenge_games',         'coin_after',       'enjoy_status',
           'first_iap_date',       'retention_ts',  'retention_predict',
           'enjoy_status_m',       'iap_status_m', 'retention_status_m',
                          0],
      dtype='object')
2018-10-31 11:17:57,889 - run - INFO - tree_run.py - 73 - Index(['user_id', 'app_name', 'platform', 'puzzle_language', 'install_date',
       'first_nation', 'level_max', 'load_days', 'challenge_gids',
       'challenge_games', 'coin_after', 'enjoy_status', 'first_iap_date',
       'retention_ts', 'retention_predict', 'enjoy_status_m', 'iap_status_m',
       'retention_status_m'],
      dtype='object')
2018-10-31 11:17:57,897 - run - INFO - tree_run.py - 79 - user_id                     *DkzTnJce
app_name              word_production
platform                   googleplay
puzzle_language                    En
install_date               2018-08-01
first_nation                       FR
level_max                           2
load_days                           1
challenge_gids                      0
challenge_games                     0
coin_after                         80
enjoy_status                     None
first_iap_date                   None
retention_ts                      NaT
retention_predict                None
enjoy_status_m                     -1
iap_status_m                        0
retention_status_m                  0
0                                   1
Name: 1, dtype: object
2018-10-31 11:17:57,900 - run - INFO - tree_run.py - 81 - Index([           'user_id',           'app_name',           'platform',
          'puzzle_language',       'install_date',       'first_nation',
                'level_max',          'load_days',     'challenge_gids',
          'challenge_games',         'coin_after',       'enjoy_status',
           'first_iap_date',       'retention_ts',  'retention_predict',
           'enjoy_status_m',       'iap_status_m', 'retention_status_m',
                          0],
      dtype='object')
2018-10-31 11:17:57,902 - run - INFO - tree_run.py - 82 - ['user_id', 'app_name', 'platform', 'puzzle_language', 'install_date', 'first_nation', 'level_max', 'load_days', 'challenge_gids', 'challenge_games', 'coin_after', 'enjoy_status', 'first_iap_date', 'retention_ts', 'retention_predict', 'enjoy_status_m', 'iap_status_m', 'retention_status_m', 'retention_predict_m']
2018-10-31 11:18:30,760 - run - INFO - tree_run.py - 73 - Index(['user_id', 'app_name', 'platform', 'puzzle_language', 'install_date',
       'first_nation', 'level_max', 'load_days', 'challenge_gids',
       'challenge_games', 'coin_after', 'enjoy_status', 'first_iap_date',
       'retention_ts', 'retention_predict', 'enjoy_status_m', 'iap_status_m',
       'retention_status_m'],
      dtype='object')
2018-10-31 11:18:30,768 - run - INFO - tree_run.py - 79 - user_id                     *DkzTnJce
app_name              word_production
platform                   googleplay
puzzle_language                    En
install_date               2018-08-01
first_nation                       FR
level_max                           2
load_days                           1
challenge_gids                      0
challenge_games                     0
coin_after                         80
enjoy_status                     None
first_iap_date                   None
retention_ts                      NaT
retention_predict                None
enjoy_status_m                     -1
iap_status_m                        0
retention_status_m                  0
0                                   1
Name: 1, dtype: object
2018-10-31 11:18:30,772 - run - INFO - tree_run.py - 81 - Index([           'user_id',           'app_name',           'platform',
          'puzzle_language',       'install_date',       'first_nation',
                'level_max',          'load_days',     'challenge_gids',
          'challenge_games',         'coin_after',       'enjoy_status',
           'first_iap_date',       'retention_ts',  'retention_predict',
           'enjoy_status_m',       'iap_status_m', 'retention_status_m',
                          0],
      dtype='object')
2018-10-31 11:18:30,773 - run - INFO - tree_run.py - 82 - ['user_id', 'app_name', 'platform', 'puzzle_language', 'install_date', 'first_nation', 'level_max', 'load_days', 'challenge_gids', 'challenge_games', 'coin_after', 'enjoy_status', 'first_iap_date', 'retention_ts', 'retention_predict', 'enjoy_status_m', 'iap_status_m', 'retention_status_m', 'retention_predict_m']
2018-10-31 11:19:22,221 - run - INFO - tree_run.py - 77 - user_id                     *DkzTnJce
app_name              word_production
platform                   googleplay
puzzle_language                    En
install_date               2018-08-01
first_nation                       FR
level_max                           2
load_days                           1
challenge_gids                      0
challenge_games                     0
coin_after                         80
enjoy_status                     None
first_iap_date                   None
retention_ts                      NaT
retention_predict                None
enjoy_status_m                     -1
iap_status_m                        0
retention_status_m                  0
0                                   1
Name: 1, dtype: object
